<?xml version="1.0" encoding="UTF-8"?>
<testsuite name="As a user I want to make a flight reservation" tests="1" skipped="0" failures="1" errors="0" timestamp="2022-09-30T23:20:17" hostname="LAPTOP-MUKU1ITQ" time="20.976">
  <properties/>
  <testcase name="I as a user wish to make a flight reservation" classname="As a user I want to make a flight reservation" time="20.976">
    <failure message="java.lang.AssertionError: expected:&lt;1&gt; but was:&lt;0&gt;" type="java.lang.AssertionError">java.lang.AssertionError: expected:&lt;1&gt; but was:&lt;0&gt;
	at org.junit.Assert.fail(Assert.java:89)
	at org.junit.Assert.failNotEquals(Assert.java:835)
	at org.junit.Assert.assertEquals(Assert.java:647)
	at co.com.doublev.manualtest.utils.ManualTest.validate(ManualTest.java:22)
	at co.com.doublev.manualtests.stepdefinitions.ManualTestsStepDefinitions.scenario(ManualTestsStepDefinitions.java:20)
	at ✽.the user validates if the return ticket is from another month(file:///C:/Users/Villonta/Retos/RetoDoubleV/DoubleV_Manual/DoubleV_Manual/src/test/resources/features/lowprices.feature:9)
</failure>
  </testcase>
  <system-out><![CDATA[]]></system-out>
  <system-err><![CDATA[[Test worker] INFO  - 
  _____   ___   ___   _____     ___   _____     _     ___   _____   ___   ___  
 |_   _| | __| / __| |_   _|   / __| |_   _|   /_\   | _ \ |_   _| | __| |   \ 
   | |   | _|  \__ \   | |     \__ \   | |    / _ \  |   /   | |   | _|  | |) |
   |_|   |___| |___/   |_|     |___/   |_|   /_/ \_\ |_|_\   |_|   |___| |___/ 

I as a user wish to make a flight reservation(as-a-user-i-want-to-make-a-flight-reservation;i-as-a-user-wish-to-make-a-flight-reservation)
--------------------------------------------------------------------------------
[Test worker] INFO  - 
  _____   ___   ___   _____     ___   ___   _  _   ___    ___   _  _    ___ 
 |_   _| | __| / __| |_   _|   | _ \ | __| | \| | |   \  |_ _| | \| |  / __|
   | |   | _|  \__ \   | |     |  _/ | _|  | .` | | |) |  | |  | .` | | (_ |
   |_|   |___| |___/   |_|     |_|   |___| |_|\_| |___/  |___| |_|\_|  \___|

I as a user wish to make a flight reservation (manual test)
-----------------------------------------------------------------------------
]]></system-err>
</testsuite>
